# JRE version: OpenJDK Runtime Environment Temurin-21.0.12.1+1 (21.0.12.1+1) (build 21.0.12.1+1-LTS)
# Java VM: OpenJDK 64-Bit Server VM Temurin-21.0.12.1+1 (21.0.12.1+1-LTS, mixed mode, sharing, tiered, compressed class ptrs, parallel gc, windows-amd64)
GC Precious Log:
 CardTable entry size: 512
 CPUs: 4 total, 4 available
 Memory: 4007M
 Large Page Support: Disabled
 NUMA Support: Disabled
 Compressed Oops: Disabled
 Alignments: Space 512K, Generation 512K, Heap 2M
 Heap Min Capacity: 100M
 Heap Initial Capacity: 100M
 Heap Max Capacity: 128G
 Pre-touch: Disabled
 Parallel Workers: 4
Heap:
 PSYoungGen      total 28672K, used 10055K [0x0000025325380000, 0x0000025327480000, 0x0000025dcfe00000)
  eden space 24576K, 25% used [0x0000025325380000,0x00000253259b9940,0x0000025326b80000)
  from space 4096K, 89% used [0x0000025326c00000,0x0000025326f98560,0x0000025327000000)
  to   space 4608K, 0% used [0x0000025327000000,0x0000025327000000,0x0000025327480000)
 ParOldGen       total 68608K, used 11559K [0x0000023dcfe00000, 0x0000023dd4100000, 0x0000025325380000)
  object space 68608K, 16% used [0x0000023dcfe00000,0x0000023dd0949d68,0x0000023dd4100000)
 Metaspace       used 22119K, committed 22784K, reserved 1114112K
  class space    used 2150K, committed 2432K, reserved 1048576K
GC Heap History (16 events):
Event: 2.425 GC heap before
{Heap before GC invocations=1 (full 0):
 PSYoungGen      total 29696K, used 25600K [0x0000025325380000, 0x0000025327480000, 0x0000025dcfe00000)
  eden space 25600K, 100% used [0x0000025325380000,0x0000025326c80000,0x0000025326c80000)
  from space 4096K, 0% used [0x0000025327080000,0x0000025327080000,0x0000025327480000)
  to   space 4096K, 0% used [0x0000025326c80000,0x0000025326c80000,0x0000025327080000)
 ParOldGen       total 68608K, used 0K [0x0000023dcfe00000, 0x0000023dd4100000, 0x0000025325380000)
  object space 68608K, 0% used [0x0000023dcfe00000,0x0000023dcfe00000,0x0000023dd4100000)
 Metaspace       used 4180K, committed 4480K, reserved 1114112K
  class space    used 458K, committed 576K, reserved 1048576K
}
Event: 2.444 GC heap after
{Heap after GC invocations=1 (full 0):
 PSYoungGen      total 29696K, used 3970K [0x0000025325380000, 0x0000025327480000, 0x0000025dcfe00000)
  eden space 25600K, 0% used [0x0000025325380000,0x0000025325380000,0x0000025326c80000)
  from space 4096K, 96% used [0x0000025326c80000,0x00000253270609b0,0x0000025327080000)
  to   space 4096K, 0% used [0x0000025327080000,0x0000025327080000,0x0000025327480000)
 ParOldGen       total 68608K, used 0K [0x0000023dcfe00000, 0x0000023dd4100000, 0x0000025325380000)
  object space 68608K, 0% used [0x0000023dcfe00000,0x0000023dcfe00000,0x0000023dd4100000)
 Metaspace       used 4180K, committed 4480K, reserved 1114112K
  class space    used 458K, committed 576K, reserved 1048576K
}
Event: 4.750 GC heap before
{Heap before GC invocations=2 (full 0):
 PSYoungGen      total 29696K, used 29570K [0x0000025325380000, 0x0000025327480000, 0x0000025dcfe00000)
  eden space 25600K, 100% used [0x0000025325380000,0x0000025326c80000,0x0000025326c80000)
  from space 4096K, 96% used [0x0000025326c80000,0x00000253270609b0,0x0000025327080000)
  to   space 4096K, 0% used [0x0000025327080000,0x0000025327080000,0x0000025327480000)
 ParOldGen       total 68608K, used 0K [0x0000023dcfe00000, 0x0000023dd4100000, 0x0000025325380000)
  object space 68608K, 0% used [0x0000023dcfe00000,0x0000023dcfe00000,0x0000023dd4100000)
 Metaspace       used 7625K, committed 7872K, reserved 1114112K
  class space    used 791K, committed 896K, reserved 1048576K
}
Event: 4.759 GC heap after
{Heap after GC invocations=2 (full 0):
 PSYoungGen      total 29696K, used 4086K [0x0000025325380000, 0x0000025327480000, 0x0000025dcfe00000)
  eden space 25600K, 0% used [0x0000025325380000,0x0000025325380000,0x0000025326c80000)
  from space 4096K, 99% used [0x0000025327080000,0x000002532747d830,0x0000025327480000)
  to   space 4096K, 0% used [0x0000025326c80000,0x0000025326c80000,0x0000025327080000)
 ParOldGen       total 68608K, used 2337K [0x0000023dcfe00000, 0x0000023dd4100000, 0x0000025325380000)
  object space 68608K, 3% used [0x0000023dcfe00000,0x0000023dd0048700,0x0000023dd4100000)
 Metaspace       used 7625K, committed 7872K, reserved 1114112K
  class space    used 791K, committed 896K, reserved 1048576K
}
Event: 6.854 GC heap before
{Heap before GC invocations=3 (full 0):
 PSYoungGen      total 29696K, used 29686K [0x0000025325380000, 0x0000025327480000, 0x0000025dcfe00000)
  eden space 25600K, 100% used [0x0000025325380000,0x0000025326c80000,0x0000025326c80000)
  from space 4096K, 99% used [0x0000025327080000,0x000002532747d830,0x0000025327480000)
  to   space 4096K, 0% used [0x0000025326c80000,0x0000025326c80000,0x0000025327080000)
 ParOldGen       total 68608K, used 2337K [0x0000023dcfe00000, 0x0000023dd4100000, 0x0000025325380000)
  object space 68608K, 3% used [0x0000023dcfe00000,0x0000023dd0048700,0x0000023dd4100000)
 Metaspace       used 11724K, committed 12096K, reserved 1114112K
  class space    used 1256K, committed 1408K, reserved 1048576K
}
Event: 6.864 GC heap after
{Heap after GC invocations=3 (full 0):
 PSYoungGen      total 29696K, used 4083K [0x0000025325380000, 0x0000025327480000, 0x0000025dcfe00000)
  eden space 25600K, 0% used [0x0000025325380000,0x0000025325380000,0x0000025326c80000)
  from space 4096K, 99% used [0x0000025326c80000,0x000002532707ccc0,0x0000025327080000)
  to   space 4096K, 0% used [0x0000025327080000,0x0000025327080000,0x0000025327480000)
 ParOldGen       total 68608K, used 3753K [0x0000023dcfe00000, 0x0000023dd4100000, 0x0000025325380000)
  object space 68608K, 5% used [0x0000023dcfe00000,0x0000023dd01aa528,0x0000023dd4100000)
 Metaspace       used 11724K, committed 12096K, reserved 1114112K
  class space    used 1256K, committed 1408K, reserved 1048576K
}
Event: 9.927 GC heap before
{Heap before GC invocations=4 (full 0):
 PSYoungGen      total 29696K, used 29683K [0x0000025325380000, 0x0000025327480000, 0x0000025dcfe00000)
  eden space 25600K, 100% used [0x0000025325380000,0x0000025326c80000,0x0000025326c80000)
  from space 4096K, 99% used [0x0000025326c80000,0x000002532707ccc0,0x0000025327080000)
  to   space 4096K, 0% used [0x0000025327080000,0x0000025327080000,0x0000025327480000)
 ParOldGen       total 68608K, used 3753K [0x0000023dcfe00000, 0x0000023dd4100000, 0x0000025325380000)
  object space 68608K, 5% used [0x0000023dcfe00000,0x0000023dd01aa528,0x0000023dd4100000)
 Metaspace       used 15222K, committed 15808K, reserved 1114112K
  class space    used 1595K, committed 1856K, reserved 1048576K
}
Event: 9.937 GC heap after
{Heap after GC invocations=4 (full 0):
 PSYoungGen      total 29696K, used 4075K [0x0000025325380000, 0x0000025327480000, 0x0000025dcfe00000)
  eden space 25600K, 0% used [0x0000025325380000,0x0000025325380000,0x0000025326c80000)
  from space 4096K, 99% used [0x0000025327080000,0x000002532747afe0,0x0000025327480000)
  to   space 4096K, 0% used [0x0000025326c80000,0x0000025326c80000,0x0000025327080000)
 ParOldGen       total 68608K, used 6613K [0x0000023dcfe00000, 0x0000023dd4100000, 0x0000025325380000)
  object space 68608K, 9% used [0x0000023dcfe00000,0x0000023dd04754a8,0x0000023dd4100000)
 Metaspace       used 15222K, committed 15808K, reserved 1114112K
  class space    used 1595K, committed 1856K, reserved 1048576K
}
Event: 11.040 GC heap before
{Heap before GC invocations=5 (full 0):
 PSYoungGen      total 29696K, used 29602K [0x0000025325380000, 0x0000025327480000, 0x0000025dcfe00000)
  eden space 25600K, 99% used [0x0000025325380000,0x0000025326c6db58,0x0000025326c80000)
  from space 4096K, 99% used [0x0000025327080000,0x000002532747afe0,0x0000025327480000)
  to   space 4096K, 0% used [0x0000025326c80000,0x0000025326c80000,0x0000025327080000)
 ParOldGen       total 68608K, used 6613K [0x0000023dcfe00000, 0x0000023dd4100000, 0x0000025325380000)
  object space 68608K, 9% used [0x0000023dcfe00000,0x0000023dd04754a8,0x0000023dd4100000)
 Metaspace       used 17655K, committed 18304K, reserved 1114112K
  class space    used 1838K, committed 2112K, reserved 1048576K
}
Event: 11.048 GC heap after
{Heap after GC invocations=5 (full 0):
 PSYoungGen      total 29184K, used 4087K [0x0000025325380000, 0x0000025327900000, 0x0000025dcfe00000)
  eden space 25088K, 0% used [0x0000025325380000,0x0000025325380000,0x0000025326c00000)
  from space 4096K, 99% used [0x0000025326c80000,0x000002532707dd08,0x0000025327080000)
  to   space 6656K, 0% used [0x0000025327280000,0x0000025327280000,0x0000025327900000)
 ParOldGen       total 68608K, used 8443K [0x0000023dcfe00000, 0x0000023dd4100000, 0x0000025325380000)
  object space 68608K, 12% used [0x0000023dcfe00000,0x0000023dd063eeb8,0x0000023dd4100000)
 Metaspace       used 17655K, committed 18304K, reserved 1114112K
  class space    used 1838K, committed 2112K, reserved 1048576K
}
Event: 11.617 GC heap before
{Heap before GC invocations=6 (full 0):
 PSYoungGen      total 29184K, used 23100K [0x0000025325380000, 0x0000025327900000, 0x0000025dcfe00000)
  eden space 25088K, 75% used [0x0000025325380000,0x0000025326611530,0x0000025326c00000)
  from space 4096K, 99% used [0x0000025326c80000,0x000002532707dd08,0x0000025327080000)
  to   space 6656K, 0% used [0x0000025327280000,0x0000025327280000,0x0000025327900000)
 ParOldGen       total 68608K, used 8443K [0x0000023dcfe00000, 0x0000023dd4100000, 0x0000025325380000)
  object space 68608K, 12% used [0x0000023dcfe00000,0x0000023dd063eeb8,0x0000023dd4100000)
 Metaspace       used 20867K, committed 21504K, reserved 1114112K
  class space    used 2073K, committed 2368K, reserved 1048576K
}
Event: 11.631 GC heap after
{Heap after GC invocations=6 (full 0):
 PSYoungGen      total 30720K, used 5515K [0x0000025325380000, 0x0000025327800000, 0x0000025dcfe00000)
  eden space 25088K, 0% used [0x0000025325380000,0x0000025325380000,0x0000025326c00000)
  from space 5632K, 97% used [0x0000025327280000,0x00000253277e2d58,0x0000025327800000)
  to   space 6144K, 0% used [0x0000025326c00000,0x0000025326c00000,0x0000025327200000)
 ParOldGen       total 68608K, used 8451K [0x0000023dcfe00000, 0x0000023dd4100000, 0x0000025325380000)
  object space 68608K, 12% used [0x0000023dcfe00000,0x0000023dd0640eb8,0x0000023dd4100000)
 Metaspace       used 20867K, committed 21504K, reserved 1114112K
  class space    used 2073K, committed 2368K, reserved 1048576K
}
Event: 11.631 GC heap before
{Heap before GC invocations=7 (full 1):
 PSYoungGen      total 30720K, used 5515K [0x0000025325380000, 0x0000025327800000, 0x0000025dcfe00000)
  eden space 25088K, 0% used [0x0000025325380000,0x0000025325380000,0x0000025326c00000)
  from space 5632K, 97% used [0x0000025327280000,0x00000253277e2d58,0x0000025327800000)
  to   space 6144K, 0% used [0x0000025326c00000,0x0000025326c00000,0x0000025327200000)
 ParOldGen       total 68608K, used 8451K [0x0000023dcfe00000, 0x0000023dd4100000, 0x0000025325380000)
  object space 68608K, 12% used [0x0000023dcfe00000,0x0000023dd0640eb8,0x0000023dd4100000)
 Metaspace       used 20867K, committed 21504K, reserved 1114112K
  class space    used 2073K, committed 2368K, reserved 1048576K
}
Event: 11.688 GC heap after
{Heap after GC invocations=7 (full 1):
 PSYoungGen      total 30720K, used 0K [0x0000025325380000, 0x0000025327800000, 0x0000025dcfe00000)
  eden space 25088K, 0% used [0x0000025325380000,0x0000025325380000,0x0000025326c00000)
  from space 5632K, 0% used [0x0000025327280000,0x0000025327280000,0x0000025327800000)
  to   space 6144K, 0% used [0x0000025326c00000,0x0000025326c00000,0x0000025327200000)
 ParOldGen       total 68608K, used 11551K [0x0000023dcfe00000, 0x0000023dd4100000, 0x0000025325380000)
  object space 68608K, 16% used [0x0000023dcfe00000,0x0000023dd0947d68,0x0000023dd4100000)
 Metaspace       used 20854K, committed 21504K, reserved 1114112K
  class space    used 2070K, committed 2368K, reserved 1048576K
}
Event: 12.308 GC heap before
{Heap before GC invocations=8 (full 1):
 PSYoungGen      total 30720K, used 25088K [0x0000025325380000, 0x0000025327800000, 0x0000025dcfe00000)
  eden space 25088K, 100% used [0x0000025325380000,0x0000025326c00000,0x0000025326c00000)
  from space 5632K, 0% used [0x0000025327280000,0x0000025327280000,0x0000025327800000)
  to   space 6144K, 0% used [0x0000025326c00000,0x0000025326c00000,0x0000025327200000)
 ParOldGen       total 68608K, used 11551K [0x0000023dcfe00000, 0x0000023dd4100000, 0x0000025325380000)
  object space 68608K, 16% used [0x0000023dcfe00000,0x0000023dd0947d68,0x0000023dd4100000)
 Metaspace       used 22113K, committed 22784K, reserved 1114112K
  class space    used 2148K, committed 2432K, reserved 1048576K
}
Event: 12.311 GC heap after
{Heap after GC invocations=8 (full 1):
 PSYoungGen      total 28672K, used 3681K [0x0000025325380000, 0x0000025327480000, 0x0000025dcfe00000)
  eden space 24576K, 0% used [0x0000025325380000,0x0000025325380000,0x0000025326b80000)
  from space 4096K, 89% used [0x0000025326c00000,0x0000025326f98560,0x0000025327000000)
  to   space 4608K, 0% used [0x0000025327000000,0x0000025327000000,0x0000025327480000)
 ParOldGen       total 68608K, used 11559K [0x0000023dcfe00000, 0x0000023dd4100000, 0x0000025325380000)
  object space 68608K, 16% used [0x0000023dcfe00000,0x0000023dd0949d68,0x0000023dd4100000)
 Metaspace       used 22113K, committed 22784K, reserved 1114112K
  class space    used 2148K, committed 2432K, reserved 1048576K
}

